<?xml version="1.0" encoding="UTF-8"?>
<!-- Generated by org.testng.reporters.JUnitXMLReporter -->
<testsuite ignored="0" hostname="LAPTOP-MB50M7DV" failures="0" tests="4" name="ChromeTest" time="40.573" errors="0" timestamp="2022-09-17T19:06:33 IST">
  <testcase classname="Practice12.TwitterTestNG" name="A_verifyTwitterCompromisedAccount" time="1.369"/>
  <testcase classname="Practice12.TwitterTestNG" name="B_verifyTwitterAccountSecurity" time="1.21"/>
  <testcase classname="Practice12.facebookTestNG" name="verifyGoBackToMessengerButton" time="3.283"/>
  <testcase classname="Practice12.facebookTestNG" name="verifyHelpCenterButton" time="5.921"/>
</testsuite> <!-- ChromeTest -->
