<?xml version="1.0" encoding="UTF-8"?>
<!-- Generated by org.testng.reporters.JUnitXMLReporter -->
<testsuite ignored="0" hostname="LAPTOP-MB50M7DV" failures="0" tests="4" name="FirefoxTest" time="39.317" errors="0" timestamp="2022-09-17T19:07:12 IST">
  <testcase classname="Practice12.TwitterTestNG" name="A_verifyTwitterCompromisedAccount" time="1.526"/>
  <testcase classname="Practice12.TwitterTestNG" name="B_verifyTwitterAccountSecurity" time="1.714"/>
  <testcase classname="Practice12.facebookTestNG" name="verifyGoBackToMessengerButton" time="2.677"/>
  <testcase classname="Practice12.facebookTestNG" name="verifyHelpCenterButton" time="2.06"/>
</testsuite> <!-- FirefoxTest -->
