<?xml version="1.0" encoding="UTF-8"?>
<testng-results ignored="0" total="8" passed="6" failed="2" skipped="0">
  <reporter-output>
  </reporter-output>
  <suite started-at="2022-09-17T19:46:25 IST" name=" facebook Twitter Suite" finished-at="2022-09-17T19:47:32 IST" duration-ms="66234">
    <groups>
    </groups>
    <test started-at="2022-09-17T19:46:25 IST" name="ChromeTest" finished-at="2022-09-17T19:46:50 IST" duration-ms="24865">
      <class name="Practice12.TwitterTestNG">
        <test-method is-config="true" signature="launchBrowser(java.lang.String)[pri:0, instance:Practice12.TwitterTestNG@2ea41516]" started-at="2022-09-17T19:46:25 IST" name="launchBrowser" finished-at="2022-09-17T19:46:28 IST" duration-ms="2266" status="PASS">
          <params>
            <param index="0">
              <value>
                <![CDATA[Chrome]]>
              </value>
            </param>
          </params>
          <reporter-output>
          </reporter-output>
        </test-method> <!-- launchBrowser -->
        <test-method is-config="true" signature="createPOMobject()[pri:0, instance:Practice12.TwitterTestNG@2ea41516]" started-at="2022-09-17T19:46:29 IST" name="createPOMobject" finished-at="2022-09-17T19:46:29 IST" duration-ms="35" status="PASS">
          <reporter-output>
          </reporter-output>
        </test-method> <!-- createPOMobject -->
        <test-method is-config="true" signature="openTwitterHelpCenter()[pri:0, instance:Practice12.TwitterTestNG@2ea41516]" started-at="2022-09-17T19:46:29 IST" name="openTwitterHelpCenter" finished-at="2022-09-17T19:46:35 IST" duration-ms="6386" status="PASS">
          <reporter-output>
          </reporter-output>
        </test-method> <!-- openTwitterHelpCenter -->
        <test-method signature="A_verifyTwitterCompromisedAccount()[pri:0, instance:Practice12.TwitterTestNG@2ea41516]" started-at="2022-09-17T19:46:35 IST" name="A_verifyTwitterCompromisedAccount" finished-at="2022-09-17T19:46:38 IST" duration-ms="3019" status="FAIL">
          <exception class="java.lang.AssertionError">
            <message>
              <![CDATA[The following asserts failed:
expected [https://help.twitter.com/en/safety-and-security/twitter-account-compromise] but found [https://help.twitter.com/en/safety-and-security/twitter-account-compromised]]]>
            </message>
            <full-stacktrace>
              <![CDATA[java.lang.AssertionError: The following asserts failed:
expected [https://help.twitter.com/en/safety-and-security/twitter-account-compromise] but found [https://help.twitter.com/en/safety-and-security/twitter-account-compromised]
at org.testng.asserts.SoftAssert.assertAll(SoftAssert.java:47)
at org.testng.asserts.SoftAssert.assertAll(SoftAssert.java:31)
at Practice12.TwitterTestNG.A_verifyTwitterCompromisedAccount(TwitterTestNG.java:81)
at java.base/jdk.internal.reflect.DirectMethodHandleAccessor.invoke(DirectMethodHandleAccessor.java:104)
at java.base/java.lang.reflect.Method.invoke(Method.java:577)
at org.testng.internal.MethodInvocationHelper.invokeMethod(MethodInvocationHelper.java:133)
at org.testng.internal.TestInvoker.invokeMethod(TestInvoker.java:598)
at org.testng.internal.TestInvoker.invokeTestMethod(TestInvoker.java:173)
at org.testng.internal.MethodRunner.runInSequence(MethodRunner.java:46)
at org.testng.internal.TestInvoker$MethodInvocationAgent.invoke(TestInvoker.java:824)
at org.testng.internal.TestInvoker.invokeTestMethods(TestInvoker.java:146)
at org.testng.internal.TestMethodWorker.invokeTestMethods(TestMethodWorker.java:146)
at org.testng.internal.TestMethodWorker.run(TestMethodWorker.java:128)
at java.base/java.util.concurrent.ThreadPoolExecutor.runWorker(ThreadPoolExecutor.java:1136)
at java.base/java.util.concurrent.ThreadPoolExecutor$Worker.run(ThreadPoolExecutor.java:635)
at java.base/java.lang.Thread.run(Thread.java:833)
]]>
            </full-stacktrace>
          </exception> <!-- java.lang.AssertionError -->
          <reporter-output>
          </reporter-output>
        </test-method> <!-- A_verifyTwitterCompromisedAccount -->
        <test-method is-config="true" signature="logout()[pri:0, instance:Practice12.TwitterTestNG@2ea41516]" started-at="2022-09-17T19:46:38 IST" name="logout" finished-at="2022-09-17T19:46:38 IST" duration-ms="1" status="PASS">
          <reporter-output>
          </reporter-output>
        </test-method> <!-- logout -->
        <test-method is-config="true" signature="openTwitterHelpCenter()[pri:0, instance:Practice12.TwitterTestNG@2ea41516]" started-at="2022-09-17T19:46:38 IST" name="openTwitterHelpCenter" finished-at="2022-09-17T19:46:40 IST" duration-ms="1845" status="PASS">
          <reporter-output>
          </reporter-output>
        </test-method> <!-- openTwitterHelpCenter -->
        <test-method signature="B_verifyTwitterAccountSecurity()[pri:0, instance:Practice12.TwitterTestNG@2ea41516]" started-at="2022-09-17T19:46:40 IST" name="B_verifyTwitterAccountSecurity" finished-at="2022-09-17T19:46:41 IST" duration-ms="1365" status="PASS">
          <reporter-output>
          </reporter-output>
        </test-method> <!-- B_verifyTwitterAccountSecurity -->
        <test-method is-config="true" signature="logout()[pri:0, instance:Practice12.TwitterTestNG@2ea41516]" started-at="2022-09-17T19:46:42 IST" name="logout" finished-at="2022-09-17T19:46:42 IST" duration-ms="1" status="PASS">
          <reporter-output>
          </reporter-output>
        </test-method> <!-- logout -->
        <test-method is-config="true" signature="cleanPOMobject()[pri:0, instance:Practice12.TwitterTestNG@2ea41516]" started-at="2022-09-17T19:46:42 IST" name="cleanPOMobject" finished-at="2022-09-17T19:46:42 IST" duration-ms="0" status="PASS">
          <reporter-output>
          </reporter-output>
        </test-method> <!-- cleanPOMobject -->
        <test-method is-config="true" signature="closedBrower()[pri:0, instance:Practice12.TwitterTestNG@2ea41516]" started-at="2022-09-17T19:46:49 IST" name="closedBrower" finished-at="2022-09-17T19:46:50 IST" duration-ms="460" status="PASS">
          <reporter-output>
          </reporter-output>
        </test-method> <!-- closedBrower -->
      </class> <!-- Practice12.TwitterTestNG -->
      <class name="Practice12.facebookTestNG">
        <test-method is-config="true" signature="launchBrowser(java.lang.String)[pri:0, instance:Practice12.facebookTestNG@316bcf94]" started-at="2022-09-17T19:46:28 IST" name="launchBrowser" finished-at="2022-09-17T19:46:29 IST" duration-ms="1105" status="PASS">
          <params>
            <param index="0">
              <value>
                <![CDATA[Chrome]]>
              </value>
            </param>
          </params>
          <reporter-output>
          </reporter-output>
        </test-method> <!-- launchBrowser -->
        <test-method is-config="true" signature="createPOMobjects()[pri:0, instance:Practice12.facebookTestNG@316bcf94]" started-at="2022-09-17T19:46:29 IST" name="createPOMobjects" finished-at="2022-09-17T19:46:29 IST" duration-ms="36" status="PASS">
          <reporter-output>
          </reporter-output>
        </test-method> <!-- createPOMobjects -->
        <test-method is-config="true" signature="openRoomPage()[pri:0, instance:Practice12.facebookTestNG@316bcf94]" started-at="2022-09-17T19:46:29 IST" name="openRoomPage" finished-at="2022-09-17T19:46:40 IST" duration-ms="10677" status="PASS">
          <reporter-output>
          </reporter-output>
        </test-method> <!-- openRoomPage -->
        <test-method signature="verifyGoBackToMessengerButton()[pri:0, instance:Practice12.facebookTestNG@316bcf94]" started-at="2022-09-17T19:46:40 IST" name="verifyGoBackToMessengerButton" finished-at="2022-09-17T19:46:42 IST" duration-ms="2281" status="PASS">
          <reporter-output>
          </reporter-output>
        </test-method> <!-- verifyGoBackToMessengerButton -->
        <test-method is-config="true" signature="logoutFromApp()[pri:0, instance:Practice12.facebookTestNG@316bcf94]" started-at="2022-09-17T19:46:42 IST" name="logoutFromApp" finished-at="2022-09-17T19:46:42 IST" duration-ms="1" status="PASS">
          <reporter-output>
          </reporter-output>
        </test-method> <!-- logoutFromApp -->
        <test-method is-config="true" signature="openRoomPage()[pri:0, instance:Practice12.facebookTestNG@316bcf94]" started-at="2022-09-17T19:46:42 IST" name="openRoomPage" finished-at="2022-09-17T19:46:45 IST" duration-ms="2880" status="PASS">
          <reporter-output>
          </reporter-output>
        </test-method> <!-- openRoomPage -->
        <test-method signature="verifyHelpCenterButton()[pri:0, instance:Practice12.facebookTestNG@316bcf94]" started-at="2022-09-17T19:46:45 IST" name="verifyHelpCenterButton" finished-at="2022-09-17T19:46:49 IST" duration-ms="4673" status="PASS">
          <reporter-output>
          </reporter-output>
        </test-method> <!-- verifyHelpCenterButton -->
        <test-method is-config="true" signature="logoutFromApp()[pri:0, instance:Practice12.facebookTestNG@316bcf94]" started-at="2022-09-17T19:46:49 IST" name="logoutFromApp" finished-at="2022-09-17T19:46:49 IST" duration-ms="0" status="PASS">
          <reporter-output>
          </reporter-output>
        </test-method> <!-- logoutFromApp -->
        <test-method is-config="true" signature="cleanPOMobject()[pri:0, instance:Practice12.facebookTestNG@316bcf94]" started-at="2022-09-17T19:46:49 IST" name="cleanPOMobject" finished-at="2022-09-17T19:46:49 IST" duration-ms="1" status="PASS">
          <reporter-output>
          </reporter-output>
        </test-method> <!-- cleanPOMobject -->
        <test-method is-config="true" signature="closedBrowser()[pri:0, instance:Practice12.facebookTestNG@316bcf94]" started-at="2022-09-17T19:46:50 IST" name="closedBrowser" finished-at="2022-09-17T19:46:50 IST" duration-ms="427" status="PASS">
          <reporter-output>
          </reporter-output>
        </test-method> <!-- closedBrowser -->
      </class> <!-- Practice12.facebookTestNG -->
    </test> <!-- ChromeTest -->
    <test started-at="2022-09-17T19:46:50 IST" name="FirefoxTest" finished-at="2022-09-17T19:47:32 IST" duration-ms="41307">
      <class name="Practice12.TwitterTestNG">
        <test-method is-config="true" signature="launchBrowser(java.lang.String)[pri:0, instance:Practice12.TwitterTestNG@576d5deb]" started-at="2022-09-17T19:46:50 IST" name="launchBrowser" finished-at="2022-09-17T19:46:53 IST" duration-ms="3141" status="PASS">
          <params>
            <param index="0">
              <value>
                <![CDATA[FireFox]]>
              </value>
            </param>
          </params>
          <reporter-output>
          </reporter-output>
        </test-method> <!-- launchBrowser -->
        <test-method is-config="true" signature="createPOMobject()[pri:0, instance:Practice12.TwitterTestNG@576d5deb]" started-at="2022-09-17T19:46:56 IST" name="createPOMobject" finished-at="2022-09-17T19:46:56 IST" duration-ms="0" status="PASS">
          <reporter-output>
          </reporter-output>
        </test-method> <!-- createPOMobject -->
        <test-method is-config="true" signature="openTwitterHelpCenter()[pri:0, instance:Practice12.TwitterTestNG@576d5deb]" started-at="2022-09-17T19:46:56 IST" name="openTwitterHelpCenter" finished-at="2022-09-17T19:47:10 IST" duration-ms="13618" status="PASS">
          <reporter-output>
          </reporter-output>
        </test-method> <!-- openTwitterHelpCenter -->
        <test-method signature="A_verifyTwitterCompromisedAccount()[pri:0, instance:Practice12.TwitterTestNG@576d5deb]" started-at="2022-09-17T19:47:10 IST" name="A_verifyTwitterCompromisedAccount" finished-at="2022-09-17T19:47:12 IST" duration-ms="1761" status="FAIL">
          <exception class="java.lang.AssertionError">
            <message>
              <![CDATA[The following asserts failed:
expected [https://help.twitter.com/en/safety-and-security/twitter-account-compromise] but found [https://help.twitter.com/en/safety-and-security/twitter-account-compromised]]]>
            </message>
            <full-stacktrace>
              <![CDATA[java.lang.AssertionError: The following asserts failed:
expected [https://help.twitter.com/en/safety-and-security/twitter-account-compromise] but found [https://help.twitter.com/en/safety-and-security/twitter-account-compromised]
at org.testng.asserts.SoftAssert.assertAll(SoftAssert.java:47)
at org.testng.asserts.SoftAssert.assertAll(SoftAssert.java:31)
at Practice12.TwitterTestNG.A_verifyTwitterCompromisedAccount(TwitterTestNG.java:81)
at java.base/jdk.internal.reflect.DirectMethodHandleAccessor.invoke(DirectMethodHandleAccessor.java:104)
at java.base/java.lang.reflect.Method.invoke(Method.java:577)
at org.testng.internal.MethodInvocationHelper.invokeMethod(MethodInvocationHelper.java:133)
at org.testng.internal.TestInvoker.invokeMethod(TestInvoker.java:598)
at org.testng.internal.TestInvoker.invokeTestMethod(TestInvoker.java:173)
at org.testng.internal.MethodRunner.runInSequence(MethodRunner.java:46)
at org.testng.internal.TestInvoker$MethodInvocationAgent.invoke(TestInvoker.java:824)
at org.testng.internal.TestInvoker.invokeTestMethods(TestInvoker.java:146)
at org.testng.internal.TestMethodWorker.invokeTestMethods(TestMethodWorker.java:146)
at org.testng.internal.TestMethodWorker.run(TestMethodWorker.java:128)
at java.base/java.util.concurrent.ThreadPoolExecutor.runWorker(ThreadPoolExecutor.java:1136)
at java.base/java.util.concurrent.ThreadPoolExecutor$Worker.run(ThreadPoolExecutor.java:635)
at java.base/java.lang.Thread.run(Thread.java:833)
]]>
            </full-stacktrace>
          </exception> <!-- java.lang.AssertionError -->
          <reporter-output>
          </reporter-output>
        </test-method> <!-- A_verifyTwitterCompromisedAccount -->
        <test-method is-config="true" signature="logout()[pri:0, instance:Practice12.TwitterTestNG@576d5deb]" started-at="2022-09-17T19:47:12 IST" name="logout" finished-at="2022-09-17T19:47:12 IST" duration-ms="1" status="PASS">
          <reporter-output>
          </reporter-output>
        </test-method> <!-- logout -->
        <test-method is-config="true" signature="openTwitterHelpCenter()[pri:0, instance:Practice12.TwitterTestNG@576d5deb]" started-at="2022-09-17T19:47:12 IST" name="openTwitterHelpCenter" finished-at="2022-09-17T19:47:14 IST" duration-ms="2433" status="PASS">
          <reporter-output>
          </reporter-output>
        </test-method> <!-- openTwitterHelpCenter -->
        <test-method signature="B_verifyTwitterAccountSecurity()[pri:0, instance:Practice12.TwitterTestNG@576d5deb]" started-at="2022-09-17T19:47:14 IST" name="B_verifyTwitterAccountSecurity" finished-at="2022-09-17T19:47:16 IST" duration-ms="1890" status="PASS">
          <reporter-output>
          </reporter-output>
        </test-method> <!-- B_verifyTwitterAccountSecurity -->
        <test-method is-config="true" signature="logout()[pri:0, instance:Practice12.TwitterTestNG@576d5deb]" started-at="2022-09-17T19:47:16 IST" name="logout" finished-at="2022-09-17T19:47:16 IST" duration-ms="0" status="PASS">
          <reporter-output>
          </reporter-output>
        </test-method> <!-- logout -->
        <test-method is-config="true" signature="cleanPOMobject()[pri:0, instance:Practice12.TwitterTestNG@576d5deb]" started-at="2022-09-17T19:47:16 IST" name="cleanPOMobject" finished-at="2022-09-17T19:47:16 IST" duration-ms="0" status="PASS">
          <reporter-output>
          </reporter-output>
        </test-method> <!-- cleanPOMobject -->
        <test-method is-config="true" signature="closedBrower()[pri:0, instance:Practice12.TwitterTestNG@576d5deb]" started-at="2022-09-17T19:47:29 IST" name="closedBrower" finished-at="2022-09-17T19:47:30 IST" duration-ms="1298" status="PASS">
          <reporter-output>
          </reporter-output>
        </test-method> <!-- closedBrower -->
      </class> <!-- Practice12.TwitterTestNG -->
      <class name="Practice12.facebookTestNG">
        <test-method is-config="true" signature="launchBrowser(java.lang.String)[pri:0, instance:Practice12.facebookTestNG@5d534f5d]" started-at="2022-09-17T19:46:53 IST" name="launchBrowser" finished-at="2022-09-17T19:46:56 IST" duration-ms="2765" status="PASS">
          <params>
            <param index="0">
              <value>
                <![CDATA[FireFox]]>
              </value>
            </param>
          </params>
          <reporter-output>
          </reporter-output>
        </test-method> <!-- launchBrowser -->
        <test-method is-config="true" signature="createPOMobjects()[pri:0, instance:Practice12.facebookTestNG@5d534f5d]" started-at="2022-09-17T19:46:56 IST" name="createPOMobjects" finished-at="2022-09-17T19:46:56 IST" duration-ms="0" status="PASS">
          <reporter-output>
          </reporter-output>
        </test-method> <!-- createPOMobjects -->
        <test-method is-config="true" signature="openRoomPage()[pri:0, instance:Practice12.facebookTestNG@5d534f5d]" started-at="2022-09-17T19:46:56 IST" name="openRoomPage" finished-at="2022-09-17T19:47:19 IST" duration-ms="22752" status="PASS">
          <reporter-output>
          </reporter-output>
        </test-method> <!-- openRoomPage -->
        <test-method signature="verifyGoBackToMessengerButton()[pri:0, instance:Practice12.facebookTestNG@5d534f5d]" started-at="2022-09-17T19:47:19 IST" name="verifyGoBackToMessengerButton" finished-at="2022-09-17T19:47:22 IST" duration-ms="2563" status="PASS">
          <reporter-output>
          </reporter-output>
        </test-method> <!-- verifyGoBackToMessengerButton -->
        <test-method is-config="true" signature="logoutFromApp()[pri:0, instance:Practice12.facebookTestNG@5d534f5d]" started-at="2022-09-17T19:47:22 IST" name="logoutFromApp" finished-at="2022-09-17T19:47:22 IST" duration-ms="1" status="PASS">
          <reporter-output>
          </reporter-output>
        </test-method> <!-- logoutFromApp -->
        <test-method is-config="true" signature="openRoomPage()[pri:0, instance:Practice12.facebookTestNG@5d534f5d]" started-at="2022-09-17T19:47:22 IST" name="openRoomPage" finished-at="2022-09-17T19:47:25 IST" duration-ms="3836" status="PASS">
          <reporter-output>
          </reporter-output>
        </test-method> <!-- openRoomPage -->
        <test-method signature="verifyHelpCenterButton()[pri:0, instance:Practice12.facebookTestNG@5d534f5d]" started-at="2022-09-17T19:47:25 IST" name="verifyHelpCenterButton" finished-at="2022-09-17T19:47:29 IST" duration-ms="3630" status="PASS">
          <reporter-output>
          </reporter-output>
        </test-method> <!-- verifyHelpCenterButton -->
        <test-method is-config="true" signature="logoutFromApp()[pri:0, instance:Practice12.facebookTestNG@5d534f5d]" started-at="2022-09-17T19:47:29 IST" name="logoutFromApp" finished-at="2022-09-17T19:47:29 IST" duration-ms="1" status="PASS">
          <reporter-output>
          </reporter-output>
        </test-method> <!-- logoutFromApp -->
        <test-method is-config="true" signature="cleanPOMobject()[pri:0, instance:Practice12.facebookTestNG@5d534f5d]" started-at="2022-09-17T19:47:29 IST" name="cleanPOMobject" finished-at="2022-09-17T19:47:29 IST" duration-ms="0" status="PASS">
          <reporter-output>
          </reporter-output>
        </test-method> <!-- cleanPOMobject -->
        <test-method is-config="true" signature="closedBrowser()[pri:0, instance:Practice12.facebookTestNG@5d534f5d]" started-at="2022-09-17T19:47:30 IST" name="closedBrowser" finished-at="2022-09-17T19:47:32 IST" duration-ms="1314" status="PASS">
          <reporter-output>
          </reporter-output>
        </test-method> <!-- closedBrowser -->
      </class> <!-- Practice12.facebookTestNG -->
    </test> <!-- FirefoxTest -->
  </suite> <!--  facebook Twitter Suite -->
</testng-results>
