<?xml version="1.0" encoding="UTF-8"?>
<testng-results ignored="0" total="1" passed="1" failed="0" skipped="0">
  <reporter-output>
  </reporter-output>
  <suite started-at="2022-09-06T22:40:11 IST" name="Default suite" finished-at="2022-09-06T22:40:11 IST" duration-ms="74">
    <groups>
    </groups>
    <test started-at="2022-09-06T22:40:11 IST" name="Default test" finished-at="2022-09-06T22:40:11 IST" duration-ms="74">
      <class name="Methods.pp">
        <test-method is-config="true" signature="beforeClass()[pri:0, instance:Methods.pp@76c3e77a]" started-at="2022-09-06T22:40:11 IST" name="beforeClass" finished-at="2022-09-06T22:40:11 IST" duration-ms="11" status="PASS">
          <reporter-output>
          </reporter-output>
        </test-method> <!-- beforeClass -->
        <test-method is-config="true" signature="beforeMethod()[pri:0, instance:Methods.pp@76c3e77a]" started-at="2022-09-06T22:40:11 IST" name="beforeMethod" finished-at="2022-09-06T22:40:11 IST" duration-ms="1" status="PASS">
          <reporter-output>
          </reporter-output>
        </test-method> <!-- beforeMethod -->
        <test-method signature="test123()[pri:0, instance:Methods.pp@76c3e77a]" started-at="2022-09-06T22:40:11 IST" name="test123" finished-at="2022-09-06T22:40:11 IST" duration-ms="8" status="PASS">
          <reporter-output>
          </reporter-output>
        </test-method> <!-- test123 -->
      </class> <!-- Methods.pp -->
    </test> <!-- Default test -->
  </suite> <!-- Default suite -->
</testng-results>
